[03:18:35] [Server thread/INFO]: [BiDisiease: Gamerule randomTickSpeed is now set to: 300]
[03:19:06] [Server thread/INFO]: [BiDisiease: Gamerule randomTickSpeed is now set to: 0]
[03:43:26] [Server thread/INFO]: [BiDisiease: Set own game mode to Survival Mode]
[03:43:44] [Server thread/INFO]: [BiDisiease: Set own game mode to Creative Mode]
[04:42:13] [Server thread/INFO]: [BiDisiease: Set own game mode to Spectator Mode]
[04:51:22] [Server thread/INFO]: [BiDisiease: Set own game mode to Creative Mode]
[06:34:59] [Server thread/INFO]: [BiDisiease: Successfully filled 119 blocks]
[06:35:38] [Server thread/INFO]: [BiDisiease: Successfully filled 163 blocks]
[06:36:55] [Server thread/INFO]: [BiDisiease: Successfully filled 132 blocks]
[06:37:29] [Server thread/INFO]: [BiDisiease: Successfully filled 124 blocks]
[07:15:36] [Server thread/INFO]: [Server] you've been on since 11 I see
[07:15:40] [Server thread/INFO]: <BiDisiease> yes
[07:15:48] [Server thread/INFO]: <BiDisiease> its been
[07:15:50] [Server thread/INFO]: <BiDisiease> something
[07:35:25] [Server thread/INFO]: [BiDisiease: Set the time to 1000]
[14:20:49] [Server thread/INFO]: [Server] why are you still here?
[14:21:12] [Server thread/INFO]: [Server] you have been on this server for 11 consecutive hours
[14:37:28] [Server thread/INFO]: BiDisiease lost connection: Disconnected
[14:37:28] [Server thread/INFO]: BiDisiease left the game
[14:37:32] [Server thread/INFO]: Stopping the server
[14:37:32] [Server thread/INFO]: Stopping server
[14:37:32] [Server thread/INFO]: Saving players
[14:37:32] [Server thread/INFO]: Saving worlds
[14:37:32] [Server thread/INFO]: Saving chunks for level 'ServerLevel[Arena Designs]'/minecraft:overworld
[14:37:34] [Server thread/INFO]: Saving chunks for level 'ServerLevel[Arena Designs]'/minecraft:the_nether
[14:37:34] [Server thread/INFO]: Saving chunks for level 'ServerLevel[Arena Designs]'/minecraft:the_end
[14:37:34] [Server thread/INFO]: ThreadedAnvilChunkStorage (world): All chunks are saved
[14:37:34] [Server thread/INFO]: ThreadedAnvilChunkStorage (DIM-1): All chunks are saved
[14:37:34] [Server thread/INFO]: ThreadedAnvilChunkStorage (DIM1): All chunks are saved
[14:37:34] [Server thread/INFO]: ThreadedAnvilChunkStorage: All dimensions are saved
